  [1m[35m (461.5ms)[0m  [1m[35mCREATE DATABASE "RickAndMorty_development" ENCODING = 'unicode'[0m
  [1m[35m (397.0ms)[0m  [1m[35mCREATE DATABASE "RickAndMorty_test" ENCODING = 'unicode'[0m
  [1m[35m (21.5ms)[0m  [1m[35mCREATE TABLE "schema_migrations" ("version" character varying NOT NULL PRIMARY KEY)[0m
  [1m[35m (7.7ms)[0m  [1m[35mCREATE TABLE "ar_internal_metadata" ("key" character varying NOT NULL PRIMARY KEY, "value" character varying, "created_at" timestamp(6) NOT NULL, "updated_at" timestamp(6) NOT NULL)[0m
  [1m[35m (1.7ms)[0m  [1m[34mSELECT pg_try_advisory_lock(6868283360778994350)[0m
  [1m[35m (0.9ms)[0m  [1m[34mSELECT "schema_migrations"."version" FROM "schema_migrations" ORDER BY "schema_migrations"."version" ASC[0m
Migrating to CreateMorties (20190613154347)
  [1m[35m (0.2ms)[0m  [1m[35mBEGIN[0m
  [1m[35m (6.1ms)[0m  [1m[35mCREATE TABLE "morties" ("id" bigserial primary key, "name" character varying, "created_at" timestamp(6) NOT NULL, "updated_at" timestamp(6) NOT NULL)[0m
  [1m[36mActiveRecord::SchemaMigration Create (0.6ms)[0m  [1m[32mINSERT INTO "schema_migrations" ("version") VALUES ($1) RETURNING "version"[0m  [["version", "20190613154347"]]
  [1m[35m (1.3ms)[0m  [1m[35mCOMMIT[0m
Migrating to CreateRicks (20190613154505)
  [1m[35m (0.4ms)[0m  [1m[35mBEGIN[0m
  [1m[35m (8.6ms)[0m  [1m[35mCREATE TABLE "ricks" ("id" bigserial primary key, "name" character varying, "age" integer, "created_at" timestamp(6) NOT NULL, "updated_at" timestamp(6) NOT NULL)[0m
  [1m[36mActiveRecord::SchemaMigration Create (0.5ms)[0m  [1m[32mINSERT INTO "schema_migrations" ("version") VALUES ($1) RETURNING "version"[0m  [["version", "20190613154505"]]
  [1m[35m (1.5ms)[0m  [1m[35mCOMMIT[0m
  [1m[36mActiveRecord::InternalMetadata Load (0.5ms)[0m  [1m[34mSELECT "ar_internal_metadata".* FROM "ar_internal_metadata" WHERE "ar_internal_metadata"."key" = $1 LIMIT $2[0m  [["key", "environment"], ["LIMIT", 1]]
  [1m[35m (0.2ms)[0m  [1m[35mBEGIN[0m
  [1m[36mActiveRecord::InternalMetadata Create (1.0ms)[0m  [1m[32mINSERT INTO "ar_internal_metadata" ("key", "value", "created_at", "updated_at") VALUES ($1, $2, $3, $4) RETURNING "key"[0m  [["key", "environment"], ["value", "development"], ["created_at", "2019-06-13 15:46:02.311865"], ["updated_at", "2019-06-13 15:46:02.311865"]]
  [1m[35m (1.5ms)[0m  [1m[35mCOMMIT[0m
  [1m[35m (0.3ms)[0m  [1m[34mSELECT pg_advisory_unlock(6868283360778994350)[0m
  [1m[35m (1.1ms)[0m  [1m[34mSELECT "schema_migrations"."version" FROM "schema_migrations" ORDER BY "schema_migrations"."version" ASC[0m
  [1m[36mRick Load (0.5ms)[0m  [1m[34mSELECT "ricks".* FROM "ricks" LIMIT $1[0m  [["LIMIT", 11]]
  [1m[36mMorty Load (1.3ms)[0m  [1m[34mSELECT "morties".* FROM "morties" LIMIT $1[0m  [["LIMIT", 11]]
  [1m[35m (0.8ms)[0m  [1m[34mSELECT "schema_migrations"."version" FROM "schema_migrations" ORDER BY "schema_migrations"."version" ASC[0m
  [1m[36mRick Load (0.5ms)[0m  [1m[34mSELECT "ricks".* FROM "ricks" WHERE "ricks"."name" = $1 AND "ricks"."age" = $2 LIMIT $3[0m  [["name", "Mario"], ["age", 78], ["LIMIT", 1]]
  [1m[35m (0.2ms)[0m  [1m[35mBEGIN[0m
  [1m[36mRick Create (0.9ms)[0m  [1m[32mINSERT INTO "ricks" ("name", "age", "created_at", "updated_at") VALUES ($1, $2, $3, $4) RETURNING "id"[0m  [["name", "Mario"], ["age", 78], ["created_at", "2019-06-13 15:48:24.049238"], ["updated_at", "2019-06-13 15:48:24.049238"]]
  [1m[35m (1.4ms)[0m  [1m[35mCOMMIT[0m
  [1m[36mMorty Load (0.4ms)[0m  [1m[34mSELECT "morties".* FROM "morties" WHERE "morties"."name" = $1 LIMIT $2[0m  [["name", "Happy Morty"], ["LIMIT", 1]]
  [1m[35m (0.2ms)[0m  [1m[35mBEGIN[0m
  [1m[36mMorty Create (0.6ms)[0m  [1m[32mINSERT INTO "morties" ("name", "created_at", "updated_at") VALUES ($1, $2, $3) RETURNING "id"[0m  [["name", "Happy Morty"], ["created_at", "2019-06-13 15:48:24.066190"], ["updated_at", "2019-06-13 15:48:24.066190"]]
  [1m[35m (1.3ms)[0m  [1m[35mCOMMIT[0m
  [1m[36mRick Load (0.4ms)[0m  [1m[34mSELECT "ricks".* FROM "ricks" LIMIT $1[0m  [["LIMIT", 11]]
  [1m[36mMorty Load (0.7ms)[0m  [1m[34mSELECT "morties".* FROM "morties" LIMIT $1[0m  [["LIMIT", 11]]
  [1m[35m (0.7ms)[0m  [1m[34mSELECT "schema_migrations"."version" FROM "schema_migrations" ORDER BY "schema_migrations"."version" ASC[0m
  [1m[35m (0.4ms)[0m  [1m[34mSELECT "ar_internal_metadata"."value" FROM "ar_internal_metadata" WHERE "ar_internal_metadata"."key" = $1[0m  [["key", "environment"]]
  [1m[35m (0.4ms)[0m  [1m[34mSELECT "schema_migrations"."version" FROM "schema_migrations" ORDER BY "schema_migrations"."version" ASC[0m
  [1m[35m (0.4ms)[0m  [1m[34mSELECT "ar_internal_metadata"."value" FROM "ar_internal_metadata" WHERE "ar_internal_metadata"."key" = $1[0m  [["key", "environment"]]
  [1m[35m (0.2ms)[0m  [1m[34mSELECT "schema_migrations"."version" FROM "schema_migrations" ORDER BY "schema_migrations"."version" ASC[0m
  [1m[35m (0.2ms)[0m  [1m[34mSELECT "ar_internal_metadata"."value" FROM "ar_internal_metadata" WHERE "ar_internal_metadata"."key" = $1[0m  [["key", "environment"]]
  [1m[35m (157.2ms)[0m  [1m[35mDROP DATABASE IF EXISTS "RickAndMorty_development"[0m
  [1m[35m (147.5ms)[0m  [1m[35mDROP DATABASE IF EXISTS "RickAndMorty_test"[0m
  [1m[35m (375.5ms)[0m  [1m[35mCREATE DATABASE "RickAndMorty_development" ENCODING = 'unicode'[0m
  [1m[35m (394.9ms)[0m  [1m[35mCREATE DATABASE "RickAndMorty_test" ENCODING = 'unicode'[0m
  [1m[35m (7.7ms)[0m  [1m[35mCREATE TABLE "schema_migrations" ("version" character varying NOT NULL PRIMARY KEY)[0m
  [1m[35m (6.1ms)[0m  [1m[35mCREATE TABLE "ar_internal_metadata" ("key" character varying NOT NULL PRIMARY KEY, "value" character varying, "created_at" timestamp(6) NOT NULL, "updated_at" timestamp(6) NOT NULL)[0m
  [1m[35m (0.3ms)[0m  [1m[34mSELECT pg_try_advisory_lock(6868283360778994350)[0m
  [1m[35m (0.7ms)[0m  [1m[34mSELECT "schema_migrations"."version" FROM "schema_migrations" ORDER BY "schema_migrations"."version" ASC[0m
Migrating to CreateMorties (20190613154347)
  [1m[35m (0.2ms)[0m  [1m[35mBEGIN[0m
  [1m[35m (5.1ms)[0m  [1m[35mCREATE TABLE "morties" ("id" bigserial primary key, "name" character varying, "rick_id" integer, "created_at" timestamp(6) NOT NULL, "updated_at" timestamp(6) NOT NULL)[0m
  [1m[36mActiveRecord::SchemaMigration Create (0.6ms)[0m  [1m[32mINSERT INTO "schema_migrations" ("version") VALUES ($1) RETURNING "version"[0m  [["version", "20190613154347"]]
  [1m[35m (1.4ms)[0m  [1m[35mCOMMIT[0m
Migrating to CreateRicks (20190613154505)
  [1m[35m (0.4ms)[0m  [1m[35mBEGIN[0m
  [1m[35m (5.8ms)[0m  [1m[35mCREATE TABLE "ricks" ("id" bigserial primary key, "name" character varying, "age" integer, "created_at" timestamp(6) NOT NULL, "updated_at" timestamp(6) NOT NULL)[0m
  [1m[36mActiveRecord::SchemaMigration Create (0.3ms)[0m  [1m[32mINSERT INTO "schema_migrations" ("version") VALUES ($1) RETURNING "version"[0m  [["version", "20190613154505"]]
  [1m[35m (1.4ms)[0m  [1m[35mCOMMIT[0m
  [1m[36mActiveRecord::InternalMetadata Load (0.9ms)[0m  [1m[34mSELECT "ar_internal_metadata".* FROM "ar_internal_metadata" WHERE "ar_internal_metadata"."key" = $1 LIMIT $2[0m  [["key", "environment"], ["LIMIT", 1]]
  [1m[35m (0.2ms)[0m  [1m[35mBEGIN[0m
  [1m[36mActiveRecord::InternalMetadata Create (0.6ms)[0m  [1m[32mINSERT INTO "ar_internal_metadata" ("key", "value", "created_at", "updated_at") VALUES ($1, $2, $3, $4) RETURNING "key"[0m  [["key", "environment"], ["value", "development"], ["created_at", "2019-06-13 15:56:10.216938"], ["updated_at", "2019-06-13 15:56:10.216938"]]
  [1m[35m (1.5ms)[0m  [1m[35mCOMMIT[0m
  [1m[35m (0.3ms)[0m  [1m[34mSELECT pg_advisory_unlock(6868283360778994350)[0m
  [1m[35m (1.2ms)[0m  [1m[34mSELECT "schema_migrations"."version" FROM "schema_migrations" ORDER BY "schema_migrations"."version" ASC[0m
  [1m[35m (0.3ms)[0m  [1m[34mSELECT pg_try_advisory_lock(6868283360778994350)[0m
  [1m[35m (0.7ms)[0m  [1m[34mSELECT "schema_migrations"."version" FROM "schema_migrations" ORDER BY "schema_migrations"."version" ASC[0m
  [1m[36mActiveRecord::InternalMetadata Load (0.4ms)[0m  [1m[34mSELECT "ar_internal_metadata".* FROM "ar_internal_metadata" WHERE "ar_internal_metadata"."key" = $1 LIMIT $2[0m  [["key", "environment"], ["LIMIT", 1]]
  [1m[35m (0.4ms)[0m  [1m[34mSELECT pg_advisory_unlock(6868283360778994350)[0m
  [1m[35m (0.7ms)[0m  [1m[34mSELECT "schema_migrations"."version" FROM "schema_migrations" ORDER BY "schema_migrations"."version" ASC[0m
  [1m[35m (0.8ms)[0m  [1m[34mSELECT "schema_migrations"."version" FROM "schema_migrations" ORDER BY "schema_migrations"."version" ASC[0m
  [1m[36mRick Load (0.6ms)[0m  [1m[34mSELECT "ricks".* FROM "ricks" WHERE "ricks"."name" = $1 AND "ricks"."age" = $2 LIMIT $3[0m  [["name", "Mario"], ["age", 78], ["LIMIT", 1]]
  [1m[35m (0.2ms)[0m  [1m[35mBEGIN[0m
  [1m[36mRick Create (0.7ms)[0m  [1m[32mINSERT INTO "ricks" ("name", "age", "created_at", "updated_at") VALUES ($1, $2, $3, $4) RETURNING "id"[0m  [["name", "Mario"], ["age", 78], ["created_at", "2019-06-13 15:56:47.369161"], ["updated_at", "2019-06-13 15:56:47.369161"]]
  [1m[35m (1.4ms)[0m  [1m[35mCOMMIT[0m
  [1m[36mMorty Load (0.4ms)[0m  [1m[34mSELECT "morties".* FROM "morties" WHERE "morties"."name" = $1 AND "morties"."rick_id" = $2 LIMIT $3[0m  [["name", "Happy Morty"], ["rick_id", 1], ["LIMIT", 1]]
  [1m[35m (0.2ms)[0m  [1m[35mBEGIN[0m
  [1m[36mRick Load (0.2ms)[0m  [1m[34mSELECT "ricks".* FROM "ricks" WHERE "ricks"."id" = $1 LIMIT $2[0m  [["id", 1], ["LIMIT", 1]]
  [1m[36mMorty Create (0.6ms)[0m  [1m[32mINSERT INTO "morties" ("name", "rick_id", "created_at", "updated_at") VALUES ($1, $2, $3, $4) RETURNING "id"[0m  [["name", "Happy Morty"], ["rick_id", 1], ["created_at", "2019-06-13 15:56:47.418998"], ["updated_at", "2019-06-13 15:56:47.418998"]]
  [1m[35m (1.4ms)[0m  [1m[35mCOMMIT[0m
  [1m[36mRick Load (0.4ms)[0m  [1m[34mSELECT "ricks".* FROM "ricks" LIMIT $1[0m  [["LIMIT", 11]]
  [1m[36mMorty Load (0.5ms)[0m  [1m[34mSELECT "morties".* FROM "morties" LIMIT $1[0m  [["LIMIT", 11]]
  [1m[36mMorty Load (0.6ms)[0m  [1m[34mSELECT "morties".* FROM "morties" LIMIT $1[0m  [["LIMIT", 11]]
  [1m[35m (0.8ms)[0m  [1m[34mSELECT "schema_migrations"."version" FROM "schema_migrations" ORDER BY "schema_migrations"."version" ASC[0m
  [1m[35m (0.4ms)[0m  [1m[34mSELECT "ar_internal_metadata"."value" FROM "ar_internal_metadata" WHERE "ar_internal_metadata"."key" = $1[0m  [["key", "environment"]]
  [1m[35m (0.3ms)[0m  [1m[34mSELECT "schema_migrations"."version" FROM "schema_migrations" ORDER BY "schema_migrations"."version" ASC[0m
  [1m[35m (0.3ms)[0m  [1m[34mSELECT "ar_internal_metadata"."value" FROM "ar_internal_metadata" WHERE "ar_internal_metadata"."key" = $1[0m  [["key", "environment"]]
  [1m[35m (0.3ms)[0m  [1m[34mSELECT "schema_migrations"."version" FROM "schema_migrations" ORDER BY "schema_migrations"."version" ASC[0m
  [1m[35m (0.3ms)[0m  [1m[34mSELECT "ar_internal_metadata"."value" FROM "ar_internal_metadata" WHERE "ar_internal_metadata"."key" = $1[0m  [["key", "environment"]]
  [1m[35m (153.6ms)[0m  [1m[35mDROP DATABASE IF EXISTS "RickAndMorty_development"[0m
  [1m[35m (146.3ms)[0m  [1m[35mDROP DATABASE IF EXISTS "RickAndMorty_test"[0m
  [1m[35m (395.4ms)[0m  [1m[35mCREATE DATABASE "RickAndMorty_development" ENCODING = 'unicode'[0m
  [1m[35m (376.0ms)[0m  [1m[35mCREATE DATABASE "RickAndMorty_test" ENCODING = 'unicode'[0m
  [1m[35m (8.5ms)[0m  [1m[35mCREATE TABLE "schema_migrations" ("version" character varying NOT NULL PRIMARY KEY)[0m
  [1m[35m (6.2ms)[0m  [1m[35mCREATE TABLE "ar_internal_metadata" ("key" character varying NOT NULL PRIMARY KEY, "value" character varying, "created_at" timestamp(6) NOT NULL, "updated_at" timestamp(6) NOT NULL)[0m
  [1m[35m (0.3ms)[0m  [1m[34mSELECT pg_try_advisory_lock(6868283360778994350)[0m
  [1m[35m (0.6ms)[0m  [1m[34mSELECT "schema_migrations"."version" FROM "schema_migrations" ORDER BY "schema_migrations"."version" ASC[0m
Migrating to CreateMorties (20190613154347)
  [1m[35m (0.2ms)[0m  [1m[35mBEGIN[0m
  [1m[35m (5.7ms)[0m  [1m[35mCREATE TABLE "morties" ("id" bigserial primary key, "name" character varying, "created_at" timestamp(6) NOT NULL, "updated_at" timestamp(6) NOT NULL)[0m
  [1m[36mActiveRecord::SchemaMigration Create (0.6ms)[0m  [1m[32mINSERT INTO "schema_migrations" ("version") VALUES ($1) RETURNING "version"[0m  [["version", "20190613154347"]]
  [1m[35m (1.3ms)[0m  [1m[35mCOMMIT[0m
Migrating to CreateRicks (20190613154505)
  [1m[35m (0.6ms)[0m  [1m[35mBEGIN[0m
  [1m[35m (8.5ms)[0m  [1m[35mCREATE TABLE "ricks" ("id" bigserial primary key, "name" character varying, "age" integer, "morty_id" integer, "created_at" timestamp(6) NOT NULL, "updated_at" timestamp(6) NOT NULL)[0m
  [1m[36mActiveRecord::SchemaMigration Create (0.4ms)[0m  [1m[32mINSERT INTO "schema_migrations" ("version") VALUES ($1) RETURNING "version"[0m  [["version", "20190613154505"]]
  [1m[35m (1.3ms)[0m  [1m[35mCOMMIT[0m
  [1m[36mActiveRecord::InternalMetadata Load (0.4ms)[0m  [1m[34mSELECT "ar_internal_metadata".* FROM "ar_internal_metadata" WHERE "ar_internal_metadata"."key" = $1 LIMIT $2[0m  [["key", "environment"], ["LIMIT", 1]]
  [1m[35m (0.2ms)[0m  [1m[35mBEGIN[0m
  [1m[36mActiveRecord::InternalMetadata Create (0.6ms)[0m  [1m[32mINSERT INTO "ar_internal_metadata" ("key", "value", "created_at", "updated_at") VALUES ($1, $2, $3, $4) RETURNING "key"[0m  [["key", "environment"], ["value", "development"], ["created_at", "2019-06-13 16:01:27.263818"], ["updated_at", "2019-06-13 16:01:27.263818"]]
  [1m[35m (1.2ms)[0m  [1m[35mCOMMIT[0m
  [1m[35m (0.3ms)[0m  [1m[34mSELECT pg_advisory_unlock(6868283360778994350)[0m
  [1m[35m (1.1ms)[0m  [1m[34mSELECT "schema_migrations"."version" FROM "schema_migrations" ORDER BY "schema_migrations"."version" ASC[0m
  [1m[35m (0.9ms)[0m  [1m[34mSELECT "schema_migrations"."version" FROM "schema_migrations" ORDER BY "schema_migrations"."version" ASC[0m
  [1m[36mMorty Load (0.5ms)[0m  [1m[34mSELECT "morties".* FROM "morties" WHERE "morties"."name" = $1 LIMIT $2[0m  [["name", "Happy Morty"], ["LIMIT", 1]]
  [1m[36mRick Load (0.4ms)[0m  [1m[34mSELECT "ricks".* FROM "ricks" WHERE "ricks"."name" = $1 AND "ricks"."age" = $2 AND "ricks"."morty_id" = $3 LIMIT $4[0m  [["name", "Mario"], ["age", 78], ["morty_id", 1], ["LIMIT", 1]]
  [1m[35m (0.2ms)[0m  [1m[35mBEGIN[0m
  [1m[36mRick Create (0.8ms)[0m  [1m[32mINSERT INTO "ricks" ("name", "age", "morty_id", "created_at", "updated_at") VALUES ($1, $2, $3, $4, $5) RETURNING "id"[0m  [["name", "Mario"], ["age", 78], ["morty_id", 1], ["created_at", "2019-06-13 16:01:31.879977"], ["updated_at", "2019-06-13 16:01:31.879977"]]
  [1m[35m (1.6ms)[0m  [1m[35mCOMMIT[0m
  [1m[36mRick Load (0.4ms)[0m  [1m[34mSELECT "ricks".* FROM "ricks" LIMIT $1[0m  [["LIMIT", 11]]
  [1m[36mRick Load (0.6ms)[0m  [1m[34mSELECT "ricks".* FROM "ricks" ORDER BY "ricks"."id" ASC LIMIT $1[0m  [["LIMIT", 1]]
  [1m[36mRick Load (0.7ms)[0m  [1m[34mSELECT "ricks".* FROM "ricks" ORDER BY "ricks"."id" ASC LIMIT $1[0m  [["LIMIT", 1]]
  [1m[36mRick Load (0.9ms)[0m  [1m[34mSELECT "ricks".* FROM "ricks" ORDER BY "ricks"."id" ASC LIMIT $1[0m  [["LIMIT", 1]]
  [1m[35m (0.8ms)[0m  [1m[34mSELECT "schema_migrations"."version" FROM "schema_migrations" ORDER BY "schema_migrations"."version" ASC[0m
  [1m[35m (0.4ms)[0m  [1m[34mSELECT "ar_internal_metadata"."value" FROM "ar_internal_metadata" WHERE "ar_internal_metadata"."key" = $1[0m  [["key", "environment"]]
  [1m[35m (0.3ms)[0m  [1m[34mSELECT "schema_migrations"."version" FROM "schema_migrations" ORDER BY "schema_migrations"."version" ASC[0m
  [1m[35m (1.7ms)[0m  [1m[34mSELECT "ar_internal_metadata"."value" FROM "ar_internal_metadata" WHERE "ar_internal_metadata"."key" = $1[0m  [["key", "environment"]]
  [1m[35m (0.3ms)[0m  [1m[34mSELECT "schema_migrations"."version" FROM "schema_migrations" ORDER BY "schema_migrations"."version" ASC[0m
  [1m[35m (0.3ms)[0m  [1m[34mSELECT "ar_internal_metadata"."value" FROM "ar_internal_metadata" WHERE "ar_internal_metadata"."key" = $1[0m  [["key", "environment"]]
  [1m[35m (159.4ms)[0m  [1m[35mDROP DATABASE IF EXISTS "RickAndMorty_development"[0m
  [1m[35m (152.6ms)[0m  [1m[35mDROP DATABASE IF EXISTS "RickAndMorty_test"[0m
  [1m[35m (396.1ms)[0m  [1m[35mCREATE DATABASE "RickAndMorty_development" ENCODING = 'unicode'[0m
  [1m[35m (377.5ms)[0m  [1m[35mCREATE DATABASE "RickAndMorty_test" ENCODING = 'unicode'[0m
  [1m[35m (7.1ms)[0m  [1m[35mCREATE TABLE "schema_migrations" ("version" character varying NOT NULL PRIMARY KEY)[0m
  [1m[35m (5.7ms)[0m  [1m[35mCREATE TABLE "ar_internal_metadata" ("key" character varying NOT NULL PRIMARY KEY, "value" character varying, "created_at" timestamp(6) NOT NULL, "updated_at" timestamp(6) NOT NULL)[0m
  [1m[35m (0.3ms)[0m  [1m[34mSELECT pg_try_advisory_lock(6868283360778994350)[0m
  [1m[35m (0.7ms)[0m  [1m[34mSELECT "schema_migrations"."version" FROM "schema_migrations" ORDER BY "schema_migrations"."version" ASC[0m
Migrating to CreateMorties (20190613154347)
  [1m[35m (0.2ms)[0m  [1m[35mBEGIN[0m
  [1m[35m (8.3ms)[0m  [1m[35mCREATE TABLE "morties" ("id" bigserial primary key, "name" character varying, "rick_id" integer, "created_at" timestamp(6) NOT NULL, "updated_at" timestamp(6) NOT NULL)[0m
  [1m[36mActiveRecord::SchemaMigration Create (0.8ms)[0m  [1m[32mINSERT INTO "schema_migrations" ("version") VALUES ($1) RETURNING "version"[0m  [["version", "20190613154347"]]
  [1m[35m (1.5ms)[0m  [1m[35mCOMMIT[0m
Migrating to CreateRicks (20190613154505)
  [1m[35m (2.2ms)[0m  [1m[35mBEGIN[0m
  [1m[35m (11.1ms)[0m  [1m[35mCREATE TABLE "ricks" ("id" bigserial primary key, "name" character varying, "age" integer, "created_at" timestamp(6) NOT NULL, "updated_at" timestamp(6) NOT NULL)[0m
  [1m[36mActiveRecord::SchemaMigration Create (0.4ms)[0m  [1m[32mINSERT INTO "schema_migrations" ("version") VALUES ($1) RETURNING "version"[0m  [["version", "20190613154505"]]
  [1m[35m (1.4ms)[0m  [1m[35mCOMMIT[0m
  [1m[36mActiveRecord::InternalMetadata Load (0.3ms)[0m  [1m[34mSELECT "ar_internal_metadata".* FROM "ar_internal_metadata" WHERE "ar_internal_metadata"."key" = $1 LIMIT $2[0m  [["key", "environment"], ["LIMIT", 1]]
  [1m[35m (0.2ms)[0m  [1m[35mBEGIN[0m
  [1m[36mActiveRecord::InternalMetadata Create (0.6ms)[0m  [1m[32mINSERT INTO "ar_internal_metadata" ("key", "value", "created_at", "updated_at") VALUES ($1, $2, $3, $4) RETURNING "key"[0m  [["key", "environment"], ["value", "development"], ["created_at", "2019-06-13 16:02:48.867981"], ["updated_at", "2019-06-13 16:02:48.867981"]]
  [1m[35m (1.3ms)[0m  [1m[35mCOMMIT[0m
  [1m[35m (0.3ms)[0m  [1m[34mSELECT pg_advisory_unlock(6868283360778994350)[0m
  [1m[35m (1.0ms)[0m  [1m[34mSELECT "schema_migrations"."version" FROM "schema_migrations" ORDER BY "schema_migrations"."version" ASC[0m
  [1m[35m (0.8ms)[0m  [1m[34mSELECT "schema_migrations"."version" FROM "schema_migrations" ORDER BY "schema_migrations"."version" ASC[0m
  [1m[36mRick Load (0.5ms)[0m  [1m[34mSELECT "ricks".* FROM "ricks" WHERE "ricks"."name" = $1 AND "ricks"."age" = $2 LIMIT $3[0m  [["name", "Mario"], ["age", 78], ["LIMIT", 1]]
  [1m[35m (0.2ms)[0m  [1m[35mBEGIN[0m
  [1m[36mRick Create (0.8ms)[0m  [1m[32mINSERT INTO "ricks" ("name", "age", "created_at", "updated_at") VALUES ($1, $2, $3, $4) RETURNING "id"[0m  [["name", "Mario"], ["age", 78], ["created_at", "2019-06-13 16:02:59.292639"], ["updated_at", "2019-06-13 16:02:59.292639"]]
  [1m[35m (1.3ms)[0m  [1m[35mCOMMIT[0m
  [1m[36mMorty Load (0.4ms)[0m  [1m[34mSELECT "morties".* FROM "morties" WHERE "morties"."name" = $1 AND "morties"."rick_id" = $2 LIMIT $3[0m  [["name", "Happy Morty"], ["rick_id", 1], ["LIMIT", 1]]
  [1m[35m (0.2ms)[0m  [1m[35mBEGIN[0m
  [1m[36mRick Load (0.3ms)[0m  [1m[34mSELECT "ricks".* FROM "ricks" WHERE "ricks"."id" = $1 LIMIT $2[0m  [["id", 1], ["LIMIT", 1]]
  [1m[36mMorty Create (0.7ms)[0m  [1m[32mINSERT INTO "morties" ("name", "rick_id", "created_at", "updated_at") VALUES ($1, $2, $3, $4) RETURNING "id"[0m  [["name", "Happy Morty"], ["rick_id", 1], ["created_at", "2019-06-13 16:02:59.317747"], ["updated_at", "2019-06-13 16:02:59.317747"]]
  [1m[35m (1.3ms)[0m  [1m[35mCOMMIT[0m
  [1m[36mRick Load (0.4ms)[0m  [1m[34mSELECT "ricks".* FROM "ricks" ORDER BY "ricks"."id" ASC LIMIT $1[0m  [["LIMIT", 1]]
  [1m[36mRick Load (1.0ms)[0m  [1m[34mSELECT "ricks".* FROM "ricks" ORDER BY "ricks"."id" ASC LIMIT $1[0m  [["LIMIT", 1]]
  [1m[36mMorty Load (0.4ms)[0m  [1m[34mSELECT "morties".* FROM "morties" WHERE "morties"."rick_id" = $1 LIMIT $2[0m  [["rick_id", 1], ["LIMIT", 11]]
  [1m[35m (0.7ms)[0m  [1m[34mSELECT "schema_migrations"."version" FROM "schema_migrations" ORDER BY "schema_migrations"."version" ASC[0m
  [1m[36mRick Load (0.5ms)[0m  [1m[34mSELECT "ricks".* FROM "ricks" WHERE "ricks"."name" = $1 AND "ricks"."age" = $2 LIMIT $3[0m  [["name", "Mario"], ["age", 78], ["LIMIT", 1]]
  [1m[36mMorty Load (0.4ms)[0m  [1m[34mSELECT "morties".* FROM "morties" WHERE "morties"."name" = $1 AND "morties"."rick_id" = $2 LIMIT $3[0m  [["name", "Happy Morty"], ["rick_id", 1], ["LIMIT", 1]]
  [1m[36mMorty Load (0.3ms)[0m  [1m[34mSELECT "morties".* FROM "morties" WHERE "morties"."name" = $1 AND "morties"."rick_id" = $2 LIMIT $3[0m  [["name", "Sad Morty"], ["rick_id", 1], ["LIMIT", 1]]
  [1m[35m (0.2ms)[0m  [1m[35mBEGIN[0m
  [1m[36mRick Load (0.3ms)[0m  [1m[34mSELECT "ricks".* FROM "ricks" WHERE "ricks"."id" = $1 LIMIT $2[0m  [["id", 1], ["LIMIT", 1]]
  [1m[36mMorty Create (0.6ms)[0m  [1m[32mINSERT INTO "morties" ("name", "rick_id", "created_at", "updated_at") VALUES ($1, $2, $3, $4) RETURNING "id"[0m  [["name", "Sad Morty"], ["rick_id", 1], ["created_at", "2019-06-13 16:04:10.363050"], ["updated_at", "2019-06-13 16:04:10.363050"]]
  [1m[35m (1.3ms)[0m  [1m[35mCOMMIT[0m
  [1m[36mMorty Load (0.3ms)[0m  [1m[34mSELECT "morties".* FROM "morties" WHERE "morties"."name" = $1 AND "morties"."rick_id" = $2 LIMIT $3[0m  [["name", "New Morty"], ["rick_id", 1], ["LIMIT", 1]]
  [1m[35m (0.2ms)[0m  [1m[35mBEGIN[0m
  [1m[36mRick Load (0.3ms)[0m  [1m[34mSELECT "ricks".* FROM "ricks" WHERE "ricks"."id" = $1 LIMIT $2[0m  [["id", 1], ["LIMIT", 1]]
  [1m[36mMorty Create (0.3ms)[0m  [1m[32mINSERT INTO "morties" ("name", "rick_id", "created_at", "updated_at") VALUES ($1, $2, $3, $4) RETURNING "id"[0m  [["name", "New Morty"], ["rick_id", 1], ["created_at", "2019-06-13 16:04:10.378263"], ["updated_at", "2019-06-13 16:04:10.378263"]]
  [1m[35m (1.3ms)[0m  [1m[35mCOMMIT[0m
  [1m[36mMorty Load (0.3ms)[0m  [1m[34mSELECT "morties".* FROM "morties" WHERE "morties"."name" = $1 AND "morties"."rick_id" = $2 LIMIT $3[0m  [["name", "Evil Morty"], ["rick_id", 1], ["LIMIT", 1]]
  [1m[35m (0.2ms)[0m  [1m[35mBEGIN[0m
  [1m[36mRick Load (0.3ms)[0m  [1m[34mSELECT "ricks".* FROM "ricks" WHERE "ricks"."id" = $1 LIMIT $2[0m  [["id", 1], ["LIMIT", 1]]
  [1m[36mMorty Create (0.4ms)[0m  [1m[32mINSERT INTO "morties" ("name", "rick_id", "created_at", "updated_at") VALUES ($1, $2, $3, $4) RETURNING "id"[0m  [["name", "Evil Morty"], ["rick_id", 1], ["created_at", "2019-06-13 16:04:10.386796"], ["updated_at", "2019-06-13 16:04:10.386796"]]
  [1m[35m (1.2ms)[0m  [1m[35mCOMMIT[0m
  [1m[36mRick Load (0.4ms)[0m  [1m[34mSELECT "ricks".* FROM "ricks" LIMIT $1[0m  [["LIMIT", 11]]
  [1m[36mRick Load (0.9ms)[0m  [1m[34mSELECT "ricks".* FROM "ricks" ORDER BY "ricks"."id" ASC LIMIT $1[0m  [["LIMIT", 1]]
  [1m[36mRick Load (0.7ms)[0m  [1m[34mSELECT "ricks".* FROM "ricks" ORDER BY "ricks"."id" ASC LIMIT $1[0m  [["LIMIT", 1]]
  [1m[36mMorty Load (0.4ms)[0m  [1m[34mSELECT "morties".* FROM "morties" WHERE "morties"."rick_id" = $1 LIMIT $2[0m  [["rick_id", 1], ["LIMIT", 11]]
Started GET "/" for ::1 at 2019-06-13 12:07:50 -0400
  [1m[35m (0.9ms)[0m  [1m[34mSELECT "schema_migrations"."version" FROM "schema_migrations" ORDER BY "schema_migrations"."version" ASC[0m
Processing by Rails::WelcomeController#index as HTML
  Rendering /Users/flatironschool/.rvm/gems/ruby-2.6.1/gems/railties-6.0.0.rc1/lib/rails/templates/rails/welcome/index.html.erb
  Rendered /Users/flatironschool/.rvm/gems/ruby-2.6.1/gems/railties-6.0.0.rc1/lib/rails/templates/rails/welcome/index.html.erb (Duration: 15.2ms | Allocations: 475)
Completed 200 OK in 32ms (Views: 23.2ms | ActiveRecord: 0.0ms | Allocations: 2605)


Started GET "/ricks" for ::1 at 2019-06-13 12:07:53 -0400
  
AbstractController::ActionNotFound (The action 'index' could not be found for RicksController):
  
actionpack (6.0.0.rc1) lib/abstract_controller/base.rb:131:in `process'
actionpack (6.0.0.rc1) lib/action_controller/metal.rb:191:in `dispatch'
actionpack (6.0.0.rc1) lib/action_controller/metal.rb:252:in `dispatch'
actionpack (6.0.0.rc1) lib/action_dispatch/routing/route_set.rb:51:in `dispatch'
actionpack (6.0.0.rc1) lib/action_dispatch/routing/route_set.rb:33:in `serve'
actionpack (6.0.0.rc1) lib/action_dispatch/journey/router.rb:49:in `block in serve'
actionpack (6.0.0.rc1) lib/action_dispatch/journey/router.rb:32:in `each'
actionpack (6.0.0.rc1) lib/action_dispatch/journey/router.rb:32:in `serve'
actionpack (6.0.0.rc1) lib/action_dispatch/routing/route_set.rb:837:in `call'
rack (2.0.7) lib/rack/etag.rb:25:in `call'
actionpack (6.0.0.rc1) lib/action_dispatch/middleware/stack.rb:57:in `block in call'
activesupport (6.0.0.rc1) lib/active_support/notifications.rb:182:in `instrument'
actionpack (6.0.0.rc1) lib/action_dispatch/middleware/stack.rb:56:in `call'
rack (2.0.7) lib/rack/conditional_get.rb:25:in `call'
actionpack (6.0.0.rc1) lib/action_dispatch/middleware/stack.rb:57:in `block in call'
activesupport (6.0.0.rc1) lib/active_support/notifications.rb:182:in `instrument'
actionpack (6.0.0.rc1) lib/action_dispatch/middleware/stack.rb:56:in `call'
rack (2.0.7) lib/rack/head.rb:12:in `call'
actionpack (6.0.0.rc1) lib/action_dispatch/middleware/stack.rb:57:in `block in call'
activesupport (6.0.0.rc1) lib/active_support/notifications.rb:182:in `instrument'
actionpack (6.0.0.rc1) lib/action_dispatch/middleware/stack.rb:56:in `call'
activerecord (6.0.0.rc1) lib/active_record/migration.rb:567:in `call'
actionpack (6.0.0.rc1) lib/action_dispatch/middleware/stack.rb:57:in `block in call'
activesupport (6.0.0.rc1) lib/active_support/notifications.rb:182:in `instrument'
actionpack (6.0.0.rc1) lib/action_dispatch/middleware/stack.rb:56:in `call'
actionpack (6.0.0.rc1) lib/action_dispatch/middleware/callbacks.rb:27:in `block in call'
activesupport (6.0.0.rc1) lib/active_support/callbacks.rb:101:in `run_callbacks'
actionpack (6.0.0.rc1) lib/action_dispatch/middleware/callbacks.rb:26:in `call'
actionpack (6.0.0.rc1) lib/action_dispatch/middleware/stack.rb:57:in `block in call'
activesupport (6.0.0.rc1) lib/active_support/notifications.rb:182:in `instrument'
actionpack (6.0.0.rc1) lib/action_dispatch/middleware/stack.rb:56:in `call'
actionpack (6.0.0.rc1) lib/action_dispatch/middleware/executor.rb:14:in `call'
actionpack (6.0.0.rc1) lib/action_dispatch/middleware/stack.rb:57:in `block in call'
activesupport (6.0.0.rc1) lib/active_support/notifications.rb:182:in `instrument'
actionpack (6.0.0.rc1) lib/action_dispatch/middleware/stack.rb:56:in `call'
actionpack (6.0.0.rc1) lib/action_dispatch/middleware/actionable_exceptions.rb:17:in `call'
actionpack (6.0.0.rc1) lib/action_dispatch/middleware/stack.rb:57:in `block in call'
activesupport (6.0.0.rc1) lib/active_support/notifications.rb:182:in `instrument'
actionpack (6.0.0.rc1) lib/action_dispatch/middleware/stack.rb:56:in `call'
actionpack (6.0.0.rc1) lib/action_dispatch/middleware/debug_exceptions.rb:32:in `call'
actionpack (6.0.0.rc1) lib/action_dispatch/middleware/stack.rb:57:in `block in call'
activesupport (6.0.0.rc1) lib/active_support/notifications.rb:182:in `instrument'
actionpack (6.0.0.rc1) lib/action_dispatch/middleware/stack.rb:56:in `call'
actionpack (6.0.0.rc1) lib/action_dispatch/middleware/show_exceptions.rb:33:in `call'
actionpack (6.0.0.rc1) lib/action_dispatch/middleware/stack.rb:57:in `block in call'
activesupport (6.0.0.rc1) lib/active_support/notifications.rb:182:in `instrument'
actionpack (6.0.0.rc1) lib/action_dispatch/middleware/stack.rb:56:in `call'
railties (6.0.0.rc1) lib/rails/rack/logger.rb:38:in `call_app'
railties (6.0.0.rc1) lib/rails/rack/logger.rb:26:in `block in call'
activesupport (6.0.0.rc1) lib/active_support/tagged_logging.rb:80:in `block in tagged'
activesupport (6.0.0.rc1) lib/active_support/tagged_logging.rb:28:in `tagged'
activesupport (6.0.0.rc1) lib/active_support/tagged_logging.rb:80:in `tagged'
railties (6.0.0.rc1) lib/rails/rack/logger.rb:26:in `call'
actionpack (6.0.0.rc1) lib/action_dispatch/middleware/stack.rb:57:in `block in call'
activesupport (6.0.0.rc1) lib/active_support/notifications.rb:182:in `instrument'
actionpack (6.0.0.rc1) lib/action_dispatch/middleware/stack.rb:56:in `call'
actionpack (6.0.0.rc1) lib/action_dispatch/middleware/remote_ip.rb:81:in `call'
actionpack (6.0.0.rc1) lib/action_dispatch/middleware/stack.rb:57:in `block in call'
activesupport (6.0.0.rc1) lib/active_support/notifications.rb:182:in `instrument'
actionpack (6.0.0.rc1) lib/action_dispatch/middleware/stack.rb:56:in `call'
actionpack (6.0.0.rc1) lib/action_dispatch/middleware/request_id.rb:27:in `call'
actionpack (6.0.0.rc1) lib/action_dispatch/middleware/stack.rb:57:in `block in call'
activesupport (6.0.0.rc1) lib/active_support/notifications.rb:182:in `instrument'
actionpack (6.0.0.rc1) lib/action_dispatch/middleware/stack.rb:56:in `call'
rack (2.0.7) lib/rack/runtime.rb:22:in `call'
actionpack (6.0.0.rc1) lib/action_dispatch/middleware/stack.rb:57:in `block in call'
activesupport (6.0.0.rc1) lib/active_support/notifications.rb:182:in `instrument'
actionpack (6.0.0.rc1) lib/action_dispatch/middleware/stack.rb:56:in `call'
activesupport (6.0.0.rc1) lib/active_support/cache/strategy/local_cache_middleware.rb:29:in `call'
actionpack (6.0.0.rc1) lib/action_dispatch/middleware/stack.rb:57:in `block in call'
activesupport (6.0.0.rc1) lib/active_support/notifications.rb:182:in `instrument'
actionpack (6.0.0.rc1) lib/action_dispatch/middleware/stack.rb:56:in `call'
actionpack (6.0.0.rc1) lib/action_dispatch/middleware/executor.rb:14:in `call'
actionpack (6.0.0.rc1) lib/action_dispatch/middleware/stack.rb:57:in `block in call'
activesupport (6.0.0.rc1) lib/active_support/notifications.rb:182:in `instrument'
actionpack (6.0.0.rc1) lib/action_dispatch/middleware/stack.rb:56:in `call'
actionpack (6.0.0.rc1) lib/action_dispatch/middleware/static.rb:126:in `call'
actionpack (6.0.0.rc1) lib/action_dispatch/middleware/stack.rb:57:in `block in call'
activesupport (6.0.0.rc1) lib/active_support/notifications.rb:182:in `instrument'
actionpack (6.0.0.rc1) lib/action_dispatch/middleware/stack.rb:56:in `call'
rack (2.0.7) lib/rack/sendfile.rb:111:in `call'
actionpack (6.0.0.rc1) lib/action_dispatch/middleware/stack.rb:57:in `block in call'
activesupport (6.0.0.rc1) lib/active_support/notifications.rb:182:in `instrument'
actionpack (6.0.0.rc1) lib/action_dispatch/middleware/stack.rb:56:in `call'
actionpack (6.0.0.rc1) lib/action_dispatch/middleware/host_authorization.rb:83:in `call'
actionpack (6.0.0.rc1) lib/action_dispatch/middleware/stack.rb:57:in `block in call'
activesupport (6.0.0.rc1) lib/active_support/notifications.rb:182:in `instrument'
actionpack (6.0.0.rc1) lib/action_dispatch/middleware/stack.rb:56:in `call'
rack-cors (1.0.3) lib/rack/cors.rb:95:in `call'
actionpack (6.0.0.rc1) lib/action_dispatch/middleware/stack.rb:57:in `block in call'
activesupport (6.0.0.rc1) lib/active_support/notifications.rb:182:in `instrument'
actionpack (6.0.0.rc1) lib/action_dispatch/middleware/stack.rb:56:in `call'
railties (6.0.0.rc1) lib/rails/engine.rb:526:in `call'
puma (3.12.1) lib/puma/configuration.rb:227:in `call'
puma (3.12.1) lib/puma/server.rb:660:in `handle_request'
puma (3.12.1) lib/puma/server.rb:474:in `process_client'
puma (3.12.1) lib/puma/server.rb:334:in `block in run'
puma (3.12.1) lib/puma/thread_pool.rb:135:in `block in spawn_thread'
Started GET "/ricks" for ::1 at 2019-06-13 12:08:49 -0400
  
AbstractController::ActionNotFound (The action 'index' could not be found for RicksController):
  
actionpack (6.0.0.rc1) lib/abstract_controller/base.rb:131:in `process'
actionpack (6.0.0.rc1) lib/action_controller/metal.rb:191:in `dispatch'
actionpack (6.0.0.rc1) lib/action_controller/metal.rb:252:in `dispatch'
actionpack (6.0.0.rc1) lib/action_dispatch/routing/route_set.rb:51:in `dispatch'
actionpack (6.0.0.rc1) lib/action_dispatch/routing/route_set.rb:33:in `serve'
actionpack (6.0.0.rc1) lib/action_dispatch/journey/router.rb:49:in `block in serve'
actionpack (6.0.0.rc1) lib/action_dispatch/journey/router.rb:32:in `each'
actionpack (6.0.0.rc1) lib/action_dispatch/journey/router.rb:32:in `serve'
actionpack (6.0.0.rc1) lib/action_dispatch/routing/route_set.rb:837:in `call'
rack (2.0.7) lib/rack/etag.rb:25:in `call'
actionpack (6.0.0.rc1) lib/action_dispatch/middleware/stack.rb:57:in `block in call'
activesupport (6.0.0.rc1) lib/active_support/notifications.rb:182:in `instrument'
actionpack (6.0.0.rc1) lib/action_dispatch/middleware/stack.rb:56:in `call'
rack (2.0.7) lib/rack/conditional_get.rb:25:in `call'
actionpack (6.0.0.rc1) lib/action_dispatch/middleware/stack.rb:57:in `block in call'
activesupport (6.0.0.rc1) lib/active_support/notifications.rb:182:in `instrument'
actionpack (6.0.0.rc1) lib/action_dispatch/middleware/stack.rb:56:in `call'
rack (2.0.7) lib/rack/head.rb:12:in `call'
actionpack (6.0.0.rc1) lib/action_dispatch/middleware/stack.rb:57:in `block in call'
activesupport (6.0.0.rc1) lib/active_support/notifications.rb:182:in `instrument'
actionpack (6.0.0.rc1) lib/action_dispatch/middleware/stack.rb:56:in `call'
activerecord (6.0.0.rc1) lib/active_record/migration.rb:567:in `call'
actionpack (6.0.0.rc1) lib/action_dispatch/middleware/stack.rb:57:in `block in call'
activesupport (6.0.0.rc1) lib/active_support/notifications.rb:182:in `instrument'
actionpack (6.0.0.rc1) lib/action_dispatch/middleware/stack.rb:56:in `call'
actionpack (6.0.0.rc1) lib/action_dispatch/middleware/callbacks.rb:27:in `block in call'
activesupport (6.0.0.rc1) lib/active_support/callbacks.rb:101:in `run_callbacks'
actionpack (6.0.0.rc1) lib/action_dispatch/middleware/callbacks.rb:26:in `call'
actionpack (6.0.0.rc1) lib/action_dispatch/middleware/stack.rb:57:in `block in call'
activesupport (6.0.0.rc1) lib/active_support/notifications.rb:182:in `instrument'
actionpack (6.0.0.rc1) lib/action_dispatch/middleware/stack.rb:56:in `call'
actionpack (6.0.0.rc1) lib/action_dispatch/middleware/executor.rb:14:in `call'
actionpack (6.0.0.rc1) lib/action_dispatch/middleware/stack.rb:57:in `block in call'
activesupport (6.0.0.rc1) lib/active_support/notifications.rb:182:in `instrument'
actionpack (6.0.0.rc1) lib/action_dispatch/middleware/stack.rb:56:in `call'
actionpack (6.0.0.rc1) lib/action_dispatch/middleware/actionable_exceptions.rb:17:in `call'
actionpack (6.0.0.rc1) lib/action_dispatch/middleware/stack.rb:57:in `block in call'
activesupport (6.0.0.rc1) lib/active_support/notifications.rb:182:in `instrument'
actionpack (6.0.0.rc1) lib/action_dispatch/middleware/stack.rb:56:in `call'
actionpack (6.0.0.rc1) lib/action_dispatch/middleware/debug_exceptions.rb:32:in `call'
actionpack (6.0.0.rc1) lib/action_dispatch/middleware/stack.rb:57:in `block in call'
activesupport (6.0.0.rc1) lib/active_support/notifications.rb:182:in `instrument'
actionpack (6.0.0.rc1) lib/action_dispatch/middleware/stack.rb:56:in `call'
actionpack (6.0.0.rc1) lib/action_dispatch/middleware/show_exceptions.rb:33:in `call'
actionpack (6.0.0.rc1) lib/action_dispatch/middleware/stack.rb:57:in `block in call'
activesupport (6.0.0.rc1) lib/active_support/notifications.rb:182:in `instrument'
actionpack (6.0.0.rc1) lib/action_dispatch/middleware/stack.rb:56:in `call'
railties (6.0.0.rc1) lib/rails/rack/logger.rb:38:in `call_app'
railties (6.0.0.rc1) lib/rails/rack/logger.rb:26:in `block in call'
activesupport (6.0.0.rc1) lib/active_support/tagged_logging.rb:80:in `block in tagged'
activesupport (6.0.0.rc1) lib/active_support/tagged_logging.rb:28:in `tagged'
activesupport (6.0.0.rc1) lib/active_support/tagged_logging.rb:80:in `tagged'
railties (6.0.0.rc1) lib/rails/rack/logger.rb:26:in `call'
actionpack (6.0.0.rc1) lib/action_dispatch/middleware/stack.rb:57:in `block in call'
activesupport (6.0.0.rc1) lib/active_support/notifications.rb:182:in `instrument'
actionpack (6.0.0.rc1) lib/action_dispatch/middleware/stack.rb:56:in `call'
actionpack (6.0.0.rc1) lib/action_dispatch/middleware/remote_ip.rb:81:in `call'
actionpack (6.0.0.rc1) lib/action_dispatch/middleware/stack.rb:57:in `block in call'
activesupport (6.0.0.rc1) lib/active_support/notifications.rb:182:in `instrument'
actionpack (6.0.0.rc1) lib/action_dispatch/middleware/stack.rb:56:in `call'
actionpack (6.0.0.rc1) lib/action_dispatch/middleware/request_id.rb:27:in `call'
actionpack (6.0.0.rc1) lib/action_dispatch/middleware/stack.rb:57:in `block in call'
activesupport (6.0.0.rc1) lib/active_support/notifications.rb:182:in `instrument'
actionpack (6.0.0.rc1) lib/action_dispatch/middleware/stack.rb:56:in `call'
rack (2.0.7) lib/rack/runtime.rb:22:in `call'
actionpack (6.0.0.rc1) lib/action_dispatch/middleware/stack.rb:57:in `block in call'
activesupport (6.0.0.rc1) lib/active_support/notifications.rb:182:in `instrument'
actionpack (6.0.0.rc1) lib/action_dispatch/middleware/stack.rb:56:in `call'
activesupport (6.0.0.rc1) lib/active_support/cache/strategy/local_cache_middleware.rb:29:in `call'
actionpack (6.0.0.rc1) lib/action_dispatch/middleware/stack.rb:57:in `block in call'
activesupport (6.0.0.rc1) lib/active_support/notifications.rb:182:in `instrument'
actionpack (6.0.0.rc1) lib/action_dispatch/middleware/stack.rb:56:in `call'
actionpack (6.0.0.rc1) lib/action_dispatch/middleware/executor.rb:14:in `call'
actionpack (6.0.0.rc1) lib/action_dispatch/middleware/stack.rb:57:in `block in call'
activesupport (6.0.0.rc1) lib/active_support/notifications.rb:182:in `instrument'
actionpack (6.0.0.rc1) lib/action_dispatch/middleware/stack.rb:56:in `call'
actionpack (6.0.0.rc1) lib/action_dispatch/middleware/static.rb:126:in `call'
actionpack (6.0.0.rc1) lib/action_dispatch/middleware/stack.rb:57:in `block in call'
activesupport (6.0.0.rc1) lib/active_support/notifications.rb:182:in `instrument'
actionpack (6.0.0.rc1) lib/action_dispatch/middleware/stack.rb:56:in `call'
rack (2.0.7) lib/rack/sendfile.rb:111:in `call'
actionpack (6.0.0.rc1) lib/action_dispatch/middleware/stack.rb:57:in `block in call'
activesupport (6.0.0.rc1) lib/active_support/notifications.rb:182:in `instrument'
actionpack (6.0.0.rc1) lib/action_dispatch/middleware/stack.rb:56:in `call'
actionpack (6.0.0.rc1) lib/action_dispatch/middleware/host_authorization.rb:83:in `call'
actionpack (6.0.0.rc1) lib/action_dispatch/middleware/stack.rb:57:in `block in call'
activesupport (6.0.0.rc1) lib/active_support/notifications.rb:182:in `instrument'
actionpack (6.0.0.rc1) lib/action_dispatch/middleware/stack.rb:56:in `call'
rack-cors (1.0.3) lib/rack/cors.rb:95:in `call'
actionpack (6.0.0.rc1) lib/action_dispatch/middleware/stack.rb:57:in `block in call'
activesupport (6.0.0.rc1) lib/active_support/notifications.rb:182:in `instrument'
actionpack (6.0.0.rc1) lib/action_dispatch/middleware/stack.rb:56:in `call'
railties (6.0.0.rc1) lib/rails/engine.rb:526:in `call'
puma (3.12.1) lib/puma/configuration.rb:227:in `call'
puma (3.12.1) lib/puma/server.rb:660:in `handle_request'
puma (3.12.1) lib/puma/server.rb:474:in `process_client'
puma (3.12.1) lib/puma/server.rb:334:in `block in run'
puma (3.12.1) lib/puma/thread_pool.rb:135:in `block in spawn_thread'
Started GET "/ricks" for ::1 at 2019-06-13 12:11:09 -0400
  
SyntaxError (/Users/flatironschool/Development/MOD4/RickAndMorty/RickAndMortyBackend/app/controllers/ricks_controller.rb:4: syntax error, unexpected ':', expecting end
       render:  JSON.parse(Rick.all)
             ^):
  
app/controllers/ricks_controller.rb:4: syntax error, unexpected ':', expecting end
app/controllers/ricks_controller.rb:4: syntax error, unexpected ':', expecting end
Started GET "/ricks" for ::1 at 2019-06-13 12:11:22 -0400
  
SyntaxError (/Users/flatironschool/Development/MOD4/RickAndMorty/RickAndMortyBackend/app/controllers/ricks_controller.rb:4: syntax error, unexpected ':', expecting end
       render: JSON.parse(Rick.all)
             ^):
  
app/controllers/ricks_controller.rb:4: syntax error, unexpected ':', expecting end
app/controllers/ricks_controller.rb:4: syntax error, unexpected ':', expecting end
Started GET "/ricks" for ::1 at 2019-06-13 12:11:29 -0400
  
SyntaxError (/Users/flatironschool/Development/MOD4/RickAndMorty/RickAndMortyBackend/app/controllers/ricks_controller.rb:4: syntax error, unexpected ':', expecting end
       render:  a
             ^):
  
app/controllers/ricks_controller.rb:4: syntax error, unexpected ':', expecting end
app/controllers/ricks_controller.rb:4: syntax error, unexpected ':', expecting end
Started GET "/ricks" for ::1 at 2019-06-13 12:14:43 -0400
  
SyntaxError (/Users/flatironschool/Development/MOD4/RickAndMorty/RickAndMortyBackend/app/controllers/ricks_controller.rb:4: syntax error, unexpected ':', expecting '}'
       render {json: Rick.all}
                   ^
/Users/flatironschool/Development/MOD4/RickAndMorty/RickAndMortyBackend/app/controllers/ricks_controller.rb:4: syntax error, unexpected '}', expecting end
       render {json: Rick.all}
                             ^):
  
app/controllers/ricks_controller.rb:4: syntax error, unexpected ':', expecting '}'
app/controllers/ricks_controller.rb:4: syntax error, unexpected '}', expecting end
app/controllers/ricks_controller.rb:4: syntax error, unexpected ':', expecting '}'
app/controllers/ricks_controller.rb:4: syntax error, unexpected '}', expecting end
Started GET "/ricks" for ::1 at 2019-06-13 12:15:33 -0400
  
SyntaxError (/Users/flatironschool/Development/MOD4/RickAndMorty/RickAndMortyBackend/app/controllers/ricks_controller.rb:4: syntax error, unexpected ':', expecting '}'
       render() {json: Rick.all}
                     ^
/Users/flatironschool/Development/MOD4/RickAndMorty/RickAndMortyBackend/app/controllers/ricks_controller.rb:4: syntax error, unexpected '}', expecting end
...      render() {json: Rick.all}
...                              ^):
  
app/controllers/ricks_controller.rb:4: syntax error, unexpected ':', expecting '}'
app/controllers/ricks_controller.rb:4: syntax error, unexpected '}', expecting end
app/controllers/ricks_controller.rb:4: syntax error, unexpected ':', expecting '}'
app/controllers/ricks_controller.rb:4: syntax error, unexpected '}', expecting end
Started GET "/ricks" for ::1 at 2019-06-13 12:15:46 -0400
Processing by RicksController#index as HTML
  [1m[36mRick Load (1.4ms)[0m  [1m[34mSELECT "ricks".* FROM "ricks"[0m
  ↳ app/controllers/ricks_controller.rb:4:in `index'
Completed 200 OK in 28ms (Views: 14.8ms | ActiveRecord: 9.9ms | Allocations: 5638)


Started GET "/ricks" for ::1 at 2019-06-13 12:15:47 -0400
Processing by RicksController#index as */*
  [1m[36mRick Load (0.9ms)[0m  [1m[34mSELECT "ricks".* FROM "ricks"[0m
  ↳ app/controllers/ricks_controller.rb:4:in `index'
Completed 200 OK in 5ms (Views: 3.1ms | ActiveRecord: 0.9ms | Allocations: 990)


Started GET "/ricks" for ::1 at 2019-06-13 12:16:24 -0400
Processing by RicksController#index as HTML
  [1m[36mRick Load (0.4ms)[0m  [1m[34mSELECT "ricks".* FROM "ricks"[0m
  ↳ app/controllers/ricks_controller.rb:4:in `index'
Completed 200 OK in 16ms (Views: 7.3ms | ActiveRecord: 5.0ms | Allocations: 4848)


Started GET "/ricks" for ::1 at 2019-06-13 12:16:24 -0400
Processing by RicksController#index as */*
  [1m[36mRick Load (0.6ms)[0m  [1m[34mSELECT "ricks".* FROM "ricks"[0m
  ↳ app/controllers/ricks_controller.rb:4:in `index'
Completed 200 OK in 4ms (Views: 2.6ms | ActiveRecord: 0.6ms | Allocations: 976)


Started GET "/ricks" for ::1 at 2019-06-13 12:16:38 -0400
Processing by RicksController#index as HTML
  [1m[36mRick Load (0.3ms)[0m  [1m[34mSELECT "ricks".* FROM "ricks"[0m
  ↳ app/controllers/ricks_controller.rb:4:in `index'
Completed 200 OK in 16ms (Views: 7.6ms | ActiveRecord: 6.5ms | Allocations: 4832)


Started GET "/ricks" for ::1 at 2019-06-13 12:16:38 -0400
Processing by RicksController#index as */*
  [1m[36mRick Load (0.7ms)[0m  [1m[34mSELECT "ricks".* FROM "ricks"[0m
  ↳ app/controllers/ricks_controller.rb:4:in `index'
Completed 200 OK in 5ms (Views: 3.5ms | ActiveRecord: 0.7ms | Allocations: 989)


Started GET "/ricks" for ::1 at 2019-06-13 12:17:44 -0400
Processing by RicksController#index as HTML
Completed 200 OK in 2ms (Views: 0.1ms | ActiveRecord: 0.0ms | Allocations: 896)


Started GET "/ricks" for ::1 at 2019-06-13 12:17:46 -0400
Processing by RicksController#index as HTML
Completed 200 OK in 0ms (Views: 0.1ms | ActiveRecord: 0.0ms | Allocations: 54)


Started GET "/ricks" for ::1 at 2019-06-13 12:17:48 -0400
Processing by RicksController#index as HTML
Completed 200 OK in 0ms (Views: 0.1ms | ActiveRecord: 0.0ms | Allocations: 54)


Started GET "/ricks" for ::1 at 2019-06-13 12:17:49 -0400
Processing by RicksController#index as HTML
Completed 200 OK in 0ms (Views: 0.1ms | ActiveRecord: 0.0ms | Allocations: 54)


Started GET "/ricks" for ::1 at 2019-06-13 12:17:59 -0400
Processing by RicksController#index as HTML
  [1m[36mRick Load (0.6ms)[0m  [1m[34mSELECT "ricks".* FROM "ricks"[0m
  ↳ app/controllers/ricks_controller.rb:4:in `index'
Completed 200 OK in 16ms (Views: 8.3ms | ActiveRecord: 4.8ms | Allocations: 4830)


Started GET "/ricks" for ::1 at 2019-06-13 12:18:00 -0400
Processing by RicksController#index as */*
  [1m[36mRick Load (1.0ms)[0m  [1m[34mSELECT "ricks".* FROM "ricks"[0m
  ↳ app/controllers/ricks_controller.rb:4:in `index'
Completed 200 OK in 5ms (Views: 3.5ms | ActiveRecord: 1.0ms | Allocations: 974)


Started GET "/morties" for ::1 at 2019-06-13 12:19:12 -0400
Processing by MortiesController#index as HTML
  [1m[36mMorty Load (1.0ms)[0m  [1m[34mSELECT "morties".* FROM "morties"[0m
  ↳ app/controllers/morties_controller.rb:4:in `index'
Completed 200 OK in 23ms (Views: 11.3ms | ActiveRecord: 5.8ms | Allocations: 5267)


Started GET "/morties" for ::1 at 2019-06-13 12:19:13 -0400
Processing by MortiesController#index as */*
  [1m[36mMorty Load (0.4ms)[0m  [1m[34mSELECT "morties".* FROM "morties"[0m
  ↳ app/controllers/morties_controller.rb:4:in `index'
Completed 200 OK in 4ms (Views: 3.2ms | ActiveRecord: 0.4ms | Allocations: 1374)


Started GET "/morties" for ::1 at 2019-06-13 12:22:43 -0400
Processing by MortiesController#index as HTML
  [1m[36mMorty Load (0.7ms)[0m  [1m[34mSELECT "morties".* FROM "morties"[0m
  ↳ app/controllers/morties_controller.rb:4:in `index'
Completed 200 OK in 16ms (Views: 14.7ms | ActiveRecord: 0.7ms | Allocations: 1375)


Started GET "/morties" for ::1 at 2019-06-13 12:22:43 -0400
Processing by MortiesController#index as */*
  [1m[36mMorty Load (0.7ms)[0m  [1m[34mSELECT "morties".* FROM "morties"[0m
  ↳ app/controllers/morties_controller.rb:4:in `index'
Completed 200 OK in 4ms (Views: 3.4ms | ActiveRecord: 0.7ms | Allocations: 1374)


Started GET "/morties" for ::1 at 2019-06-13 12:22:54 -0400
Processing by MortiesController#index as HTML
  [1m[36mMorty Load (5.6ms)[0m  [1m[34mSELECT "morties".* FROM "morties"[0m
  ↳ app/controllers/morties_controller.rb:4:in `index'
Completed 200 OK in 10ms (Views: 3.6ms | ActiveRecord: 5.6ms | Allocations: 1372)


Started GET "/morties" for ::1 at 2019-06-13 12:22:54 -0400
Processing by MortiesController#index as */*
  [1m[36mMorty Load (0.6ms)[0m  [1m[34mSELECT "morties".* FROM "morties"[0m
  ↳ app/controllers/morties_controller.rb:4:in `index'
Completed 200 OK in 4ms (Views: 3.1ms | ActiveRecord: 0.6ms | Allocations: 1374)


Started GET "/ricks" for ::1 at 2019-06-13 12:22:57 -0400
Processing by RicksController#index as HTML
  [1m[36mRick Load (0.4ms)[0m  [1m[34mSELECT "ricks".* FROM "ricks"[0m
  ↳ app/controllers/ricks_controller.rb:4:in `index'
Completed 200 OK in 21ms (Views: 12.6ms | ActiveRecord: 5.9ms | Allocations: 4636)


Started GET "/ricks" for ::1 at 2019-06-13 12:22:57 -0400
Processing by RicksController#index as */*
  [1m[36mRick Load (0.6ms)[0m  [1m[34mSELECT "ricks".* FROM "ricks"[0m
  ↳ app/controllers/ricks_controller.rb:4:in `index'
Completed 200 OK in 4ms (Views: 3.0ms | ActiveRecord: 0.6ms | Allocations: 974)


Started GET "/ricks" for ::1 at 2019-06-13 12:24:14 -0400
Processing by RicksController#index as HTML
  [1m[36mRick Load (0.3ms)[0m  [1m[34mSELECT "ricks".* FROM "ricks"[0m
  ↳ app/controllers/ricks_controller.rb:4:in `index'
Completed 200 OK in 2ms (Views: 1.6ms | ActiveRecord: 0.3ms | Allocations: 972)


Started GET "/ricks" for ::1 at 2019-06-13 12:24:14 -0400
Processing by RicksController#index as */*
  [1m[36mRick Load (0.7ms)[0m  [1m[34mSELECT "ricks".* FROM "ricks"[0m
  ↳ app/controllers/ricks_controller.rb:4:in `index'
Completed 200 OK in 5ms (Views: 3.3ms | ActiveRecord: 0.7ms | Allocations: 974)


Started GET "/ricks" for ::1 at 2019-06-13 12:24:15 -0400
Processing by RicksController#index as HTML
  [1m[36mRick Load (0.5ms)[0m  [1m[34mSELECT "ricks".* FROM "ricks"[0m
  ↳ app/controllers/ricks_controller.rb:4:in `index'
Completed 200 OK in 3ms (Views: 2.5ms | ActiveRecord: 0.5ms | Allocations: 972)


Started GET "/ricks" for ::1 at 2019-06-13 12:24:15 -0400
Processing by RicksController#index as */*
  [1m[36mRick Load (1.3ms)[0m  [1m[34mSELECT "ricks".* FROM "ricks"[0m
  ↳ app/controllers/ricks_controller.rb:4:in `index'
Completed 200 OK in 9ms (Views: 6.9ms | ActiveRecord: 1.3ms | Allocations: 974)


Started GET "/ricks" for ::1 at 2019-06-13 12:25:53 -0400
  [1m[35m (0.7ms)[0m  [1m[34mSELECT "schema_migrations"."version" FROM "schema_migrations" ORDER BY "schema_migrations"."version" ASC[0m
Processing by RicksController#index as HTML
DEPRECATION WARNING: `Module#parent` has been renamed to `module_parent`. `parent` is deprecated and will be removed in Rails 6.1. (called from index at /Users/flatironschool/Development/MOD4/RickAndMorty/RickAndMortyBackend/app/controllers/ricks_controller.rb:4)
  [1m[36mRick Load (1.1ms)[0m  [1m[34mSELECT "ricks".* FROM "ricks"[0m
  ↳ app/controllers/ricks_controller.rb:4:in `index'
[active_model_serializers] Rendered ActiveModel::Serializer::CollectionSerializer with ActiveModelSerializers::Adapter::Attributes (0.38ms)
Completed 200 OK in 40ms (Views: 31.4ms | ActiveRecord: 5.3ms | Allocations: 8270)


Started GET "/ricks" for ::1 at 2019-06-13 12:25:54 -0400
Processing by RicksController#index as */*
DEPRECATION WARNING: `Module#parent` has been renamed to `module_parent`. `parent` is deprecated and will be removed in Rails 6.1. (called from index at /Users/flatironschool/Development/MOD4/RickAndMorty/RickAndMortyBackend/app/controllers/ricks_controller.rb:4)
  [1m[36mRick Load (0.6ms)[0m  [1m[34mSELECT "ricks".* FROM "ricks"[0m
  ↳ app/controllers/ricks_controller.rb:4:in `index'
[active_model_serializers] Rendered ActiveModel::Serializer::CollectionSerializer with ActiveModelSerializers::Adapter::Attributes (0.17ms)
Completed 200 OK in 5ms (Views: 3.8ms | ActiveRecord: 0.6ms | Allocations: 1278)


Started GET "/ricks" for ::1 at 2019-06-13 12:26:16 -0400
  [1m[35m (1.1ms)[0m  [1m[34mSELECT "schema_migrations"."version" FROM "schema_migrations" ORDER BY "schema_migrations"."version" ASC[0m
Processing by RicksController#index as HTML
DEPRECATION WARNING: `Module#parent` has been renamed to `module_parent`. `parent` is deprecated and will be removed in Rails 6.1. (called from index at /Users/flatironschool/Development/MOD4/RickAndMorty/RickAndMortyBackend/app/controllers/ricks_controller.rb:4)
  [1m[36mRick Load (0.8ms)[0m  [1m[34mSELECT "ricks".* FROM "ricks"[0m
  ↳ app/controllers/ricks_controller.rb:4:in `index'
[active_model_serializers] Rendered ActiveModel::Serializer::CollectionSerializer with ActiveModelSerializers::Adapter::Attributes (0.4ms)
Completed 200 OK in 24ms (Views: 13.1ms | ActiveRecord: 7.1ms | Allocations: 7085)


Started GET "/ricks" for ::1 at 2019-06-13 12:26:17 -0400
Processing by RicksController#index as */*
DEPRECATION WARNING: `Module#parent` has been renamed to `module_parent`. `parent` is deprecated and will be removed in Rails 6.1. (called from index at /Users/flatironschool/Development/MOD4/RickAndMorty/RickAndMortyBackend/app/controllers/ricks_controller.rb:4)
  [1m[36mRick Load (0.4ms)[0m  [1m[34mSELECT "ricks".* FROM "ricks"[0m
  ↳ app/controllers/ricks_controller.rb:4:in `index'
[active_model_serializers] Rendered ActiveModel::Serializer::CollectionSerializer with ActiveModelSerializers::Adapter::Attributes (0.16ms)
Completed 200 OK in 5ms (Views: 3.1ms | ActiveRecord: 0.4ms | Allocations: 1278)


Started GET "/ricks" for ::1 at 2019-06-13 12:26:18 -0400
Processing by RicksController#index as HTML
DEPRECATION WARNING: `Module#parent` has been renamed to `module_parent`. `parent` is deprecated and will be removed in Rails 6.1. (called from index at /Users/flatironschool/Development/MOD4/RickAndMorty/RickAndMortyBackend/app/controllers/ricks_controller.rb:4)
  [1m[36mRick Load (0.4ms)[0m  [1m[34mSELECT "ricks".* FROM "ricks"[0m
  ↳ app/controllers/ricks_controller.rb:4:in `index'
[active_model_serializers] Rendered ActiveModel::Serializer::CollectionSerializer with ActiveModelSerializers::Adapter::Attributes (0.34ms)
Completed 200 OK in 4ms (Views: 3.6ms | ActiveRecord: 0.4ms | Allocations: 1276)


Started GET "/ricks" for ::1 at 2019-06-13 12:26:18 -0400
Processing by RicksController#index as */*
DEPRECATION WARNING: `Module#parent` has been renamed to `module_parent`. `parent` is deprecated and will be removed in Rails 6.1. (called from index at /Users/flatironschool/Development/MOD4/RickAndMorty/RickAndMortyBackend/app/controllers/ricks_controller.rb:4)
  [1m[36mRick Load (0.6ms)[0m  [1m[34mSELECT "ricks".* FROM "ricks"[0m
  ↳ app/controllers/ricks_controller.rb:4:in `index'
[active_model_serializers] Rendered ActiveModel::Serializer::CollectionSerializer with ActiveModelSerializers::Adapter::Attributes (0.51ms)
Completed 200 OK in 6ms (Views: 4.7ms | ActiveRecord: 0.6ms | Allocations: 1260)


Started GET "/ricks" for ::1 at 2019-06-13 12:26:34 -0400
Processing by RicksController#index as HTML
DEPRECATION WARNING: `Module#parent` has been renamed to `module_parent`. `parent` is deprecated and will be removed in Rails 6.1. (called from index at /Users/flatironschool/Development/MOD4/RickAndMorty/RickAndMortyBackend/app/controllers/ricks_controller.rb:4)
  [1m[36mRick Load (0.4ms)[0m  [1m[34mSELECT "ricks".* FROM "ricks"[0m
  ↳ app/controllers/ricks_controller.rb:4:in `index'
[active_model_serializers]   [1m[36mMorty Load (0.4ms)[0m  [1m[34mSELECT "morties".* FROM "morties" WHERE "morties"."rick_id" = $1[0m  [["rick_id", 1]]
[active_model_serializers]   ↳ app/controllers/ricks_controller.rb:4:in `index'
[active_model_serializers] Rendered ActiveModel::Serializer::CollectionSerializer with ActiveModelSerializers::Adapter::Attributes (25.13ms)
Completed 200 OK in 63ms (Views: 51.3ms | ActiveRecord: 8.5ms | Allocations: 15522)


Started GET "/ricks" for ::1 at 2019-06-13 12:26:35 -0400
Processing by RicksController#index as */*
DEPRECATION WARNING: `Module#parent` has been renamed to `module_parent`. `parent` is deprecated and will be removed in Rails 6.1. (called from index at /Users/flatironschool/Development/MOD4/RickAndMorty/RickAndMortyBackend/app/controllers/ricks_controller.rb:4)
  [1m[36mRick Load (0.5ms)[0m  [1m[34mSELECT "ricks".* FROM "ricks"[0m
  ↳ app/controllers/ricks_controller.rb:4:in `index'
[active_model_serializers]   [1m[36mMorty Load (1.4ms)[0m  [1m[34mSELECT "morties".* FROM "morties" WHERE "morties"."rick_id" = $1[0m  [["rick_id", 1]]
[active_model_serializers]   ↳ app/controllers/ricks_controller.rb:4:in `index'
[active_model_serializers] Rendered ActiveModel::Serializer::CollectionSerializer with ActiveModelSerializers::Adapter::Attributes (6.2ms)
Completed 200 OK in 10ms (Views: 7.4ms | ActiveRecord: 1.9ms | Allocations: 3072)


Started GET "/ricks" for ::1 at 2019-06-13 12:26:45 -0400
Processing by RicksController#index as HTML
DEPRECATION WARNING: `Module#parent` has been renamed to `module_parent`. `parent` is deprecated and will be removed in Rails 6.1. (called from index at /Users/flatironschool/Development/MOD4/RickAndMorty/RickAndMortyBackend/app/controllers/ricks_controller.rb:4)
  [1m[36mRick Load (0.5ms)[0m  [1m[34mSELECT "ricks".* FROM "ricks"[0m
  ↳ app/controllers/ricks_controller.rb:4:in `index'
[active_model_serializers]   [1m[36mMorty Load (0.5ms)[0m  [1m[34mSELECT "morties".* FROM "morties" WHERE "morties"."rick_id" = $1[0m  [["rick_id", 1]]
[active_model_serializers]   ↳ app/controllers/ricks_controller.rb:4:in `index'
[active_model_serializers] Rendered ActiveModel::Serializer::CollectionSerializer with ActiveModelSerializers::Adapter::Attributes (6.04ms)
Completed 200 OK in 10ms (Views: 8.7ms | ActiveRecord: 0.9ms | Allocations: 3071)


Started GET "/ricks" for ::1 at 2019-06-13 12:26:46 -0400
Processing by RicksController#index as */*
DEPRECATION WARNING: `Module#parent` has been renamed to `module_parent`. `parent` is deprecated and will be removed in Rails 6.1. (called from index at /Users/flatironschool/Development/MOD4/RickAndMorty/RickAndMortyBackend/app/controllers/ricks_controller.rb:4)
  [1m[36mRick Load (0.5ms)[0m  [1m[34mSELECT "ricks".* FROM "ricks"[0m
  ↳ app/controllers/ricks_controller.rb:4:in `index'
[active_model_serializers]   [1m[36mMorty Load (0.5ms)[0m  [1m[34mSELECT "morties".* FROM "morties" WHERE "morties"."rick_id" = $1[0m  [["rick_id", 1]]
[active_model_serializers]   ↳ app/controllers/ricks_controller.rb:4:in `index'
[active_model_serializers] Rendered ActiveModel::Serializer::CollectionSerializer with ActiveModelSerializers::Adapter::Attributes (8.49ms)
Completed 200 OK in 14ms (Views: 11.5ms | ActiveRecord: 1.0ms | Allocations: 3090)


